1565214289626	mozrunner::runner	INFO	Running command: "C:\\Program Files\\Mozilla Firefox\\firefox.exe" "-marionette" "-foreground" "-no-remote" "-profile" "C:\\Users\\itmoura\\AppData\\Local\\Temp\\rust_mozprofile.mRFzo7vmto6g"
1565214290619	addons.webextension.screenshots@mozilla.org	WARN	Loading extension 'screenshots@mozilla.org': Reading manifest: Invalid extension permission: mozillaAddons
1565214290619	addons.webextension.screenshots@mozilla.org	WARN	Loading extension 'screenshots@mozilla.org': Reading manifest: Invalid extension permission: telemetry
1565214290620	addons.webextension.screenshots@mozilla.org	WARN	Loading extension 'screenshots@mozilla.org': Reading manifest: Invalid extension permission: resource://pdf.js/
1565214290620	addons.webextension.screenshots@mozilla.org	WARN	Loading extension 'screenshots@mozilla.org': Reading manifest: Invalid extension permission: about:reader*
1565214294988	Marionette	INFO	Listening on port 50302
1565214295350	Marionette	WARN	TLS certificate errors will be ignored for this session
[Child 5788, Chrome_ChildThread] WARNING: pipe error: 109: file z:/task_1563383129/build/src/ipc/chromium/src/chrome/common/ipc_channel_win.cc, line 341
[Child 57[Parent 12924, Gecko_IOThread] WARNING: pipe error: 109: file z:/task_1563383129/build/src/ipc/chromium/src/chrome/common/ipc_channel_win.cc, line 341
console.error: BroadcastService: 
  receivedBroadcastMessage: handler for
  remote-settings/monitor_changes
  threw error:
  Message: Error: Polling for changes failed: http://%(server)s/dummy/blocklist//buckets/monitor/collections/changes/records?_expected=%221565181472444%22 is not a valid URL..
  Stack:
    remoteSettingsFunction/remoteSettings.pollChanges@resource://services-settings/remote-settings.js:201:13

[Parent 12924, Gecko_IOThread] WARNING: pipe error: 109: file z:/task_1563383129/build/src/ipc/chromium/src/chrome/common/ipc_channel_win.cc, line 341
[Child 12180, Chrome_ChildThread] WARNING: pipe error: 109: file z:/task_1563383129/build/src/ipc/chromium/src/chrome/common/ipc_channel_win.cc, line 341
[Child 121[Parent 12924, Gecko_IOThread] WARNING: pipe error: 109: file z:/task_1563383129/build/src/ipc/chromium/src/chrome/common/ipc_channel_win.cc, line 341
[Child 12596, Chrome_ChildThread] WARNING: pipe error: 109: file z:/task_1563383129/build/src/ipc/chromium/src/chrome/common/ipc_channel_win.cc, line 341
[Child 12596, Chrome_Chi[Parent 12924, Gecko_IOThread] WARNING: pipe error: 109: file z:/task_1563383129/build/src/ipc/chromium/src/chrome/common/ipc_channel_win.cc, line 341
[Child 14264, Chrome_ChildThread] WARNING: pipe error: 109: file z:/task_1563383129/build/src/ipc/chromium/src/chrome/common/ipc_channel_win.cc, line 341
[Child 11565214491421	Marionette	INFO	Stopped listening on port 50302

###!!! [Child][RunMessage] Error: Channel closing: too late to send/recv, messages will be lost

[GP
###!!! [Child][MessageChannel::SendAndWait] Error: Channel error: cannot send/recv

ipc_channel_win.cc, line 341
[Child 221565214491021	Marionette	INFO	Stopped listening on port 50235

###!!! [Child][RunMessage] Error: Channel closing: too late to send/recv, messages will be lost

[GPU 8048, Chrome_Chil
###!!! [Child][MessageChannel::SendAndWait] Error: Channel error: cannot send/recv

24, Gecko_IOThread] WARNING: pipe error: 109: file z:/task_1563383129/build/src/ipc/chromium/src/chrome/common/ipc_channel_win.cc, line 341
[Parent 224, Gecko_IOThread] WARNING: pipe error: 109: file z:/task_1563383129/build/src/ipc/chromium/src/chrome/common/ipc_channel_win.cc, line 341
[Child 5024, Chrome_ChildThread] WARNING: pipe error: 109: file z:/task_1563383129/build/src/ipc/chromium/src/chrome/common/ipc_channel_win.cc, line 341
[Child 501565201323578	Marionette	INFO	Stopped listening on port 63388

###!!! [Child][RunMessage] Error: Channel closing: too late to send/recv, messages will be lost

[GPU 
###!!! [Child][MessageChannel::SendAndWait] Error: Channel error: cannot send/recv

sk_1563383129/build/src/ipc/chromium/src/chrome/common/ipc_channel_win.cc, line 341
[Child 14768, Chrome_ChildThread] WARNING: pipe erro1565038044642	Marionette	INFO	Stopped listening on port 51688

###!!! [Child][RunMessage] Error: Channel closing: too late to send/recv, messages will be lost

[GPU 12748,
###!!! [Child][MessageChannel::SendAndWait] Error: Channel error: cannot send/recv

me_ChildThread] WARNING: pipe error: 109: file z:/task_1563383129/build/src/ipc/chromium/src/chrome/common/ipc_channel_win.cc, line 341
task_1563383129/build/src/ipc/chromium/src/chrome/common/ipc_channel_win.cc, line 341
[Child